* installing *source* package 'IBclust' ...
** using staged installation
** libs
using C++ compiler: 'G__~1.EXE (GCC) 13.3.0'
using C++17
g++  -std=gnu++17 -I"C:/PROGRA~1/R/R-44~1.2/include" -DNDEBUG  -I'C:/Users/ec1917/AppData/Local/R/win-library/4.4/Rcpp/include' -I'C:/Users/ec1917/AppData/Local/R/win-library/4.4/RcppArmadillo/include' -I'C:/Users/ec1917/AppData/Local/R/win-library/4.4/RcppEigen/include'   -I"C:/RBuildTools/4.4/x86_64-w64-mingw32.static.posix/include"  -Wno-ignored-attributes   -O2 -Wall  -mfpmath=sse -msse2 -mstackrealign  -c RcppExports.cpp -o RcppExports.o
g++  -std=gnu++17 -I"C:/PROGRA~1/R/R-44~1.2/include" -DNDEBUG  -I'C:/Users/ec1917/AppData/Local/R/win-library/4.4/Rcpp/include' -I'C:/Users/ec1917/AppData/Local/R/win-library/4.4/RcppArmadillo/include' -I'C:/Users/ec1917/AppData/Local/R/win-library/4.4/RcppEigen/include'   -I"C:/RBuildTools/4.4/x86_64-w64-mingw32.static.posix/include"  -Wno-ignored-attributes   -O2 -Wall  -mfpmath=sse -msse2 -mstackrealign  -c entropy_functions.cpp -o entropy_functions.o
g++  -std=gnu++17 -I"C:/PROGRA~1/R/R-44~1.2/include" -DNDEBUG  -I'C:/Users/ec1917/AppData/Local/R/win-library/4.4/Rcpp/include' -I'C:/Users/ec1917/AppData/Local/R/win-library/4.4/RcppArmadillo/include' -I'C:/Users/ec1917/AppData/Local/R/win-library/4.4/RcppEigen/include'   -I"C:/RBuildTools/4.4/x86_64-w64-mingw32.static.posix/include"  -Wno-ignored-attributes   -O2 -Wall  -mfpmath=sse -msse2 -mstackrealign  -c ib_dist.cpp -o ib_dist.o
g++  -std=gnu++17 -I"C:/PROGRA~1/R/R-44~1.2/include" -DNDEBUG  -I'C:/Users/ec1917/AppData/Local/R/win-library/4.4/Rcpp/include' -I'C:/Users/ec1917/AppData/Local/R/win-library/4.4/RcppArmadillo/include' -I'C:/Users/ec1917/AppData/Local/R/win-library/4.4/RcppEigen/include'   -I"C:/RBuildTools/4.4/x86_64-w64-mingw32.static.posix/include"  -Wno-ignored-attributes   -O2 -Wall  -mfpmath=sse -msse2 -mstackrealign  -c qt_x_step.cpp -o qt_x_step.o
g++ -shared -s -static-libgcc -o IBclust.dll tmp.def RcppExports.o entropy_functions.o ib_dist.o qt_x_step.o -LC:/PROGRA~1/R/R-44~1.2/bin/x64 -lRblas -LC:/PROGRA~1/R/R-44~1.2/bin/x64 -lRlapack -lgfortran -lm -lquadmath -LC:/RBuildTools/4.4/x86_64-w64-mingw32.static.posix/lib/x64 -LC:/RBuildTools/4.4/x86_64-w64-mingw32.static.posix/lib -LC:/PROGRA~1/R/R-44~1.2/bin/x64 -lR
installing to C:/Users/ec1917/Desktop/DIBclust/IBclust.Rcheck/00LOCK-IBclust/00new/IBclust/libs/x64
** R
** inst
** byte-compile and prepare package for lazy loading
** help
*** installing help indices
** building package indices
** testing if installed package can be loaded from temporary location
** testing if installed package can be loaded from final location
** testing if installed package keeps a record of temporary installation path
* DONE (IBclust)
