* installing *source* package 'DIBclust' ...
** using staged installation
** libs
using C++ compiler: 'G__~1.EXE (GCC) 13.3.0'
using C++17
g++  -std=gnu++17 -I"C:/PROGRA~1/R/R-44~1.2/include" -DNDEBUG  -I'C:/Users/ec1917/AppData/Local/R/win-library/4.4/Rcpp/include' -I'C:/Users/ec1917/AppData/Local/R/win-library/4.4/RcppArmadillo/include' -I'C:/Users/ec1917/AppData/Local/R/win-library/4.4/RcppEigen/include'   -I"C:/RBuildTools/4.4/x86_64-w64-mingw32.static.posix/include"     -O2 -Wall  -mfpmath=sse -msse2 -mstackrealign  -c RcppExports.cpp -o RcppExports.o
In file included from C:/Users/ec1917/AppData/Local/R/win-library/4.4/RcppEigen/include/Eigen/Core:205,
                 from C:/Users/ec1917/AppData/Local/R/win-library/4.4/RcppEigen/include/Eigen/Dense:1,
                 from C:/Users/ec1917/AppData/Local/R/win-library/4.4/RcppEigen/include/RcppEigenForward.h:28,
                 from C:/Users/ec1917/AppData/Local/R/win-library/4.4/RcppEigen/include/RcppEigen.h:25,
                 from RcppExports.cpp:5:
C:/Users/ec1917/AppData/Local/R/win-library/4.4/RcppEigen/include/Eigen/src/Core/arch/SSE/PacketMath.h:46:40: warning: ignoring attributes on template argument '__m128i' [-Wignored-attributes]
   46 | typedef eigen_packet_wrapper<__m128i, 0> Packet4i;
      |                                        ^
C:/Users/ec1917/AppData/Local/R/win-library/4.4/RcppEigen/include/Eigen/src/Core/arch/SSE/PacketMath.h:47:40: warning: ignoring attributes on template argument '__m128i' [-Wignored-attributes]
   47 | typedef eigen_packet_wrapper<__m128i, 1> Packet16b;
      |                                        ^
C:/Users/ec1917/AppData/Local/R/win-library/4.4/RcppEigen/include/Eigen/src/Core/arch/SSE/PacketMath.h:49:39: warning: ignoring attributes on template argument '__m128' [-Wignored-attributes]
   49 | template<> struct is_arithmetic<__m128>  { enum { value = true }; };
      |                                       ^
C:/Users/ec1917/AppData/Local/R/win-library/4.4/RcppEigen/include/Eigen/src/Core/arch/SSE/PacketMath.h:50:40: warning: ignoring attributes on template argument '__m128i' [-Wignored-attributes]
   50 | template<> struct is_arithmetic<__m128i> { enum { value = true }; };
      |                                        ^
C:/Users/ec1917/AppData/Local/R/win-library/4.4/RcppEigen/include/Eigen/src/Core/arch/SSE/PacketMath.h:51:40: warning: ignoring attributes on template argument '__m128d' [-Wignored-attributes]
   51 | template<> struct is_arithmetic<__m128d> { enum { value = true }; };
      |                                        ^
C:/Users/ec1917/AppData/Local/R/win-library/4.4/RcppEigen/include/Eigen/src/Core/arch/SSE/PacketMath.h:222:43: warning: ignoring attributes on template argument 'Eigen::internal::Packet4f' {aka '__m128'} [-Wignored-attributes]
  222 | template<> struct unpacket_traits<Packet4f> {
      |                                           ^
C:/Users/ec1917/AppData/Local/R/win-library/4.4/RcppEigen/include/Eigen/src/Core/arch/SSE/PacketMath.h:228:43: warning: ignoring attributes on template argument 'Eigen::internal::Packet2d' {aka '__m128d'} [-Wignored-attributes]
  228 | template<> struct unpacket_traits<Packet2d> {
      |                                           ^
C:/Users/ec1917/AppData/Local/R/win-library/4.4/RcppEigen/include/Eigen/src/Core/arch/SSE/PacketMath.h:1124:34: warning: ignoring attributes on template argument 'Eigen::internal::Packet4f' {aka '__m128'} [-Wignored-attributes]
 1124 | ptranspose(PacketBlock<Packet4f,4>& kernel) {
      |                                  ^
C:/Users/ec1917/AppData/Local/R/win-library/4.4/RcppEigen/include/Eigen/src/Core/arch/SSE/PacketMath.h:1129:34: warning: ignoring attributes on template argument 'Eigen::internal::Packet2d' {aka '__m128d'} [-Wignored-attributes]
 1129 | ptranspose(PacketBlock<Packet2d,2>& kernel) {
      |                                  ^
In file included from C:/Users/ec1917/AppData/Local/R/win-library/4.4/RcppEigen/include/Eigen/Core:174:
C:/Users/ec1917/AppData/Local/R/win-library/4.4/RcppEigen/include/Eigen/src/Core/arch/Default/ConjHelper.h:16:60: warning: ignoring attributes on template argument 'Eigen::internal::Packet4f' {aka '__m128'} [-Wignored-attributes]
   16 |   struct conj_helper<PACKET_REAL, PACKET_CPLX, false, false> {          \
      |                                                            ^
C:/Users/ec1917/AppData/Local/R/win-library/4.4/RcppEigen/include/Eigen/src/Core/arch/SSE/Complex.h:173:1: note: in expansion of macro 'EIGEN_MAKE_CONJ_HELPER_CPLX_REAL'
  173 | EIGEN_MAKE_CONJ_HELPER_CPLX_REAL(Packet2cf,Packet4f)
      | ^~~~~~~~~~~~~~~~~~~~~~~~~~~~~~~~
C:/Users/ec1917/AppData/Local/R/win-library/4.4/RcppEigen/include/Eigen/src/Core/arch/Default/ConjHelper.h:29:60: warning: ignoring attributes on template argument 'Eigen::internal::Packet4f' {aka '__m128'} [-Wignored-attributes]
   29 |   struct conj_helper<PACKET_CPLX, PACKET_REAL, false, false> {          \
      |                                                            ^
C:/Users/ec1917/AppData/Local/R/win-library/4.4/RcppEigen/include/Eigen/src/Core/arch/SSE/Complex.h:173:1: note: in expansion of macro 'EIGEN_MAKE_CONJ_HELPER_CPLX_REAL'
  173 | EIGEN_MAKE_CONJ_HELPER_CPLX_REAL(Packet2cf,Packet4f)
      | ^~~~~~~~~~~~~~~~~~~~~~~~~~~~~~~~
C:/Users/ec1917/AppData/Local/R/win-library/4.4/RcppEigen/include/Eigen/src/Core/arch/Default/ConjHelper.h:16:60: warning: ignoring attributes on template argument 'Eigen::internal::Packet2d' {aka '__m128d'} [-Wignored-attributes]
   16 |   struct conj_helper<PACKET_REAL, PACKET_CPLX, false, false> {          \
      |                                                            ^
C:/Users/ec1917/AppData/Local/R/win-library/4.4/RcppEigen/include/Eigen/src/Core/arch/SSE/Complex.h:298:1: note: in expansion of macro 'EIGEN_MAKE_CONJ_HELPER_CPLX_REAL'
  298 | EIGEN_MAKE_CONJ_HELPER_CPLX_REAL(Packet1cd,Packet2d)
      | ^~~~~~~~~~~~~~~~~~~~~~~~~~~~~~~~
C:/Users/ec1917/AppData/Local/R/win-library/4.4/RcppEigen/include/Eigen/src/Core/arch/Default/ConjHelper.h:29:60: warning: ignoring attributes on template argument 'Eigen::internal::Packet2d' {aka '__m128d'} [-Wignored-attributes]
   29 |   struct conj_helper<PACKET_CPLX, PACKET_REAL, false, false> {          \
      |                                                            ^
C:/Users/ec1917/AppData/Local/R/win-library/4.4/RcppEigen/include/Eigen/src/Core/arch/SSE/Complex.h:298:1: note: in expansion of macro 'EIGEN_MAKE_CONJ_HELPER_CPLX_REAL'
  298 | EIGEN_MAKE_CONJ_HELPER_CPLX_REAL(Packet1cd,Packet2d)
      | ^~~~~~~~~~~~~~~~~~~~~~~~~~~~~~~~
In file included from C:/Users/ec1917/AppData/Local/R/win-library/4.4/RcppEigen/include/Eigen/Core:165:
C:/Users/ec1917/AppData/Local/R/win-library/4.4/RcppEigen/include/Eigen/src/Core/util/XprHelper.h: In instantiation of 'struct Eigen::internal::find_best_packet<float, 4>':
C:/Users/ec1917/AppData/Local/R/win-library/4.4/RcppEigen/include/Eigen/src/Core/Matrix.h:22:57:   required from 'struct Eigen::internal::traits<Eigen::Matrix<float, 4, 1> >'
C:/Users/ec1917/AppData/Local/R/win-library/4.4/RcppEigen/include/Eigen/src/Geometry/Quaternion.h:266:49:   required from 'struct Eigen::internal::traits<Eigen::Quaternion<float> >'
C:/Users/ec1917/AppData/Local/R/win-library/4.4/RcppEigen/include/Eigen/src/Geometry/arch/Geometry_SIMD.h:24:46:   required from here
C:/Users/ec1917/AppData/Local/R/win-library/4.4/RcppEigen/include/Eigen/src/Core/util/XprHelper.h:190:44: warning: ignoring attributes on template argument 'Eigen::internal::packet_traits<float>::type' {aka '__m128'} [-Wignored-attributes]
  190 |          bool Stop = Size==Dynamic || (Size%unpacket_traits<PacketType>::size)==0 || is_same<PacketType,typename unpacket_traits<PacketType>::half>::value>
      |                                       ~~~~~^~~~~~~~~~~~~~~~~~~~~~~~~~~~~~~~~~~
C:/Users/ec1917/AppData/Local/R/win-library/4.4/RcppEigen/include/Eigen/src/Core/util/XprHelper.h:190:83: warning: ignoring attributes on template argument 'Eigen::internal::packet_traits<float>::type' {aka '__m128'} [-Wignored-attributes]
  190 |          bool Stop = Size==Dynamic || (Size%unpacket_traits<PacketType>::size)==0 || is_same<PacketType,typename unpacket_traits<PacketType>::half>::value>
      |                      ~~~~~~~~~~~~~~~~~~~~~~~~~~~~~~~~~~~~~~~~~~~~~~~~~~~~~~~~~~~~~^~~~~~~~~~~~~~~~~~~~~~~~~~~~~~~~~~~~~~~~~~~~~~~~~~~~~~~~~~~~~~~~~~~~~~~~
C:/Users/ec1917/AppData/Local/R/win-library/4.4/RcppEigen/include/Eigen/src/Core/util/XprHelper.h:190:83: warning: ignoring attributes on template argument 'Eigen::internal::packet_traits<float>::type' {aka '__m128'} [-Wignored-attributes]
C:/Users/ec1917/AppData/Local/R/win-library/4.4/RcppEigen/include/Eigen/src/Core/util/XprHelper.h:190:83: warning: ignoring attributes on template argument 'Eigen::internal::unpacket_traits<__vector(4) float>::half' {aka '__m128'} [-Wignored-attributes]
C:/Users/ec1917/AppData/Local/R/win-library/4.4/RcppEigen/include/Eigen/src/Core/util/XprHelper.h:208:88: warning: ignoring attributes on template argument 'Eigen::internal::packet_traits<float>::type' {aka '__m128'} [-Wignored-attributes]
  208 |   typedef typename find_best_packet_helper<Size,typename packet_traits<T>::type>::type type;
      |                                                                                        ^~~~
In file included from C:/Users/ec1917/AppData/Local/R/win-library/4.4/RcppEigen/include/Eigen/Core:271:
C:/Users/ec1917/AppData/Local/R/win-library/4.4/RcppEigen/include/Eigen/src/Core/DenseCoeffsBase.h: In instantiation of 'class Eigen::DenseCoeffsBase<Eigen::Matrix<float, 4, 1>, 0>':
C:/Users/ec1917/AppData/Local/R/win-library/4.4/RcppEigen/include/Eigen/src/Core/DenseCoeffsBase.h:302:7:   required from 'class Eigen::DenseCoeffsBase<Eigen::Matrix<float, 4, 1>, 1>'
C:/Users/ec1917/AppData/Local/R/win-library/4.4/RcppEigen/include/Eigen/src/Core/DenseCoeffsBase.h:555:7:   required from 'class Eigen::DenseCoeffsBase<Eigen::Matrix<float, 4, 1>, 3>'
C:/Users/ec1917/AppData/Local/R/win-library/4.4/RcppEigen/include/Eigen/src/Core/DenseBase.h:41:34:   required from 'class Eigen::DenseBase<Eigen::Matrix<float, 4, 1> >'
C:/Users/ec1917/AppData/Local/R/win-library/4.4/RcppEigen/include/Eigen/src/Core/MatrixBase.h:48:34:   required from 'class Eigen::MatrixBase<Eigen::Matrix<float, 4, 1> >'
C:/Users/ec1917/AppData/Local/R/win-library/4.4/RcppEigen/include/Eigen/src/Core/PlainObjectBase.h:98:7:   required from 'class Eigen::PlainObjectBase<Eigen::Matrix<float, 4, 1> >'
C:/Users/ec1917/AppData/Local/R/win-library/4.4/RcppEigen/include/Eigen/src/Core/Matrix.h:178:7:   required from 'class Eigen::Matrix<float, 4, 1>'
C:/Users/ec1917/AppData/Local/R/win-library/4.4/RcppEigen/include/Eigen/src/Geometry/Quaternion.h:46:50:   required from 'class Eigen::QuaternionBase<Eigen::Quaternion<float> >'
C:/Users/ec1917/AppData/Local/R/win-library/4.4/RcppEigen/include/Eigen/src/Geometry/Quaternion.h:273:7:   required from 'class Eigen::Quaternion<float>'
C:/Users/ec1917/AppData/Local/R/win-library/4.4/RcppEigen/include/Eigen/src/Geometry/arch/Geometry_SIMD.h:27:3:   required from here
C:/Users/ec1917/AppData/Local/R/win-library/4.4/RcppEigen/include/Eigen/src/Core/DenseCoeffsBase.h:56:30: warning: ignoring attributes on template argument 'Eigen::internal::packet_traits<float>::type' {aka '__m128'} [-Wignored-attributes]
   56 |                      >::type PacketReturnType;
      |                              ^~~~~~~~~~~~~~~~
C:/Users/ec1917/AppData/Local/R/win-library/4.4/RcppEigen/include/Eigen/src/Core/util/XprHelper.h: In instantiation of 'struct Eigen::internal::find_best_packet<double, 4>':
C:/Users/ec1917/AppData/Local/R/win-library/4.4/RcppEigen/include/Eigen/src/Core/Matrix.h:22:57:   required from 'struct Eigen::internal::traits<Eigen::Matrix<double, 4, 1> >'
C:/Users/ec1917/AppData/Local/R/win-library/4.4/RcppEigen/include/Eigen/src/Geometry/Quaternion.h:266:49:   required from 'struct Eigen::internal::traits<Eigen::Quaternion<double> >'
C:/Users/ec1917/AppData/Local/R/win-library/4.4/RcppEigen/include/Eigen/src/Geometry/arch/Geometry_SIMD.h:98:47:   required from here
C:/Users/ec1917/AppData/Local/R/win-library/4.4/RcppEigen/include/Eigen/src/Core/util/XprHelper.h:190:44: warning: ignoring attributes on template argument 'Eigen::internal::packet_traits<double>::type' {aka '__m128d'} [-Wignored-attributes]
  190 |          bool Stop = Size==Dynamic || (Size%unpacket_traits<PacketType>::size)==0 || is_same<PacketType,typename unpacket_traits<PacketType>::half>::value>
      |                                       ~~~~~^~~~~~~~~~~~~~~~~~~~~~~~~~~~~~~~~~~
C:/Users/ec1917/AppData/Local/R/win-library/4.4/RcppEigen/include/Eigen/src/Core/util/XprHelper.h:190:83: warning: ignoring attributes on template argument 'Eigen::internal::packet_traits<double>::type' {aka '__m128d'} [-Wignored-attributes]
  190 |          bool Stop = Size==Dynamic || (Size%unpacket_traits<PacketType>::size)==0 || is_same<PacketType,typename unpacket_traits<PacketType>::half>::value>
      |                      ~~~~~~~~~~~~~~~~~~~~~~~~~~~~~~~~~~~~~~~~~~~~~~~~~~~~~~~~~~~~~^~~~~~~~~~~~~~~~~~~~~~~~~~~~~~~~~~~~~~~~~~~~~~~~~~~~~~~~~~~~~~~~~~~~~~~~
C:/Users/ec1917/AppData/Local/R/win-library/4.4/RcppEigen/include/Eigen/src/Core/util/XprHelper.h:190:83: warning: ignoring attributes on template argument 'Eigen::internal::packet_traits<double>::type' {aka '__m128d'} [-Wignored-attributes]
C:/Users/ec1917/AppData/Local/R/win-library/4.4/RcppEigen/include/Eigen/src/Core/util/XprHelper.h:190:83: warning: ignoring attributes on template argument 'Eigen::internal::unpacket_traits<__vector(2) double>::half' {aka '__m128d'} [-Wignored-attributes]
C:/Users/ec1917/AppData/Local/R/win-library/4.4/RcppEigen/include/Eigen/src/Core/util/XprHelper.h:208:88: warning: ignoring attributes on template argument 'Eigen::internal::packet_traits<double>::type' {aka '__m128d'} [-Wignored-attributes]
  208 |   typedef typename find_best_packet_helper<Size,typename packet_traits<T>::type>::type type;
      |                                                                                        ^~~~
C:/Users/ec1917/AppData/Local/R/win-library/4.4/RcppEigen/include/Eigen/src/Core/DenseCoeffsBase.h: In instantiation of 'class Eigen::DenseCoeffsBase<Eigen::Matrix<double, 4, 1>, 0>':
C:/Users/ec1917/AppData/Local/R/win-library/4.4/RcppEigen/include/Eigen/src/Core/DenseCoeffsBase.h:302:7:   required from 'class Eigen::DenseCoeffsBase<Eigen::Matrix<double, 4, 1>, 1>'
C:/Users/ec1917/AppData/Local/R/win-library/4.4/RcppEigen/include/Eigen/src/Core/DenseCoeffsBase.h:555:7:   required from 'class Eigen::DenseCoeffsBase<Eigen::Matrix<double, 4, 1>, 3>'
C:/Users/ec1917/AppData/Local/R/win-library/4.4/RcppEigen/include/Eigen/src/Core/DenseBase.h:41:34:   required from 'class Eigen::DenseBase<Eigen::Matrix<double, 4, 1> >'
C:/Users/ec1917/AppData/Local/R/win-library/4.4/RcppEigen/include/Eigen/src/Core/MatrixBase.h:48:34:   required from 'class Eigen::MatrixBase<Eigen::Matrix<double, 4, 1> >'
C:/Users/ec1917/AppData/Local/R/win-library/4.4/RcppEigen/include/Eigen/src/Core/PlainObjectBase.h:98:7:   required from 'class Eigen::PlainObjectBase<Eigen::Matrix<double, 4, 1> >'
C:/Users/ec1917/AppData/Local/R/win-library/4.4/RcppEigen/include/Eigen/src/Core/Matrix.h:178:7:   required from 'class Eigen::Matrix<double, 4, 1>'
C:/Users/ec1917/AppData/Local/R/win-library/4.4/RcppEigen/include/Eigen/src/Geometry/Quaternion.h:46:50:   required from 'class Eigen::QuaternionBase<Eigen::Quaternion<double> >'
C:/Users/ec1917/AppData/Local/R/win-library/4.4/RcppEigen/include/Eigen/src/Geometry/Quaternion.h:273:7:   required from 'class Eigen::Quaternion<double>'
C:/Users/ec1917/AppData/Local/R/win-library/4.4/RcppEigen/include/Eigen/src/Geometry/arch/Geometry_SIMD.h:102:3:   required from here
C:/Users/ec1917/AppData/Local/R/win-library/4.4/RcppEigen/include/Eigen/src/Core/DenseCoeffsBase.h:56:30: warning: ignoring attributes on template argument 'Eigen::internal::packet_traits<double>::type' {aka '__m128d'} [-Wignored-attributes]
   56 |                      >::type PacketReturnType;
      |                              ^~~~~~~~~~~~~~~~
In file included from C:/Users/ec1917/AppData/Local/R/win-library/4.4/RcppEigen/include/Eigen/SparseCore:37,
                 from C:/Users/ec1917/AppData/Local/R/win-library/4.4/RcppEigen/include/Eigen/Sparse:26,
                 from C:/Users/ec1917/AppData/Local/R/win-library/4.4/RcppEigen/include/RcppEigenForward.h:29:
C:/Users/ec1917/AppData/Local/R/win-library/4.4/RcppEigen/include/Eigen/src/SparseCore/SparseMatrixBase.h: In instantiation of 'class Eigen::SparseMatrixBase<Eigen::SparseMatrix<double, 0, int> >':
C:/Users/ec1917/AppData/Local/R/win-library/4.4/RcppEigen/include/Eigen/src/SparseCore/SparseCompressedBase.h:36:7:   required from 'class Eigen::SparseCompressedBase<Eigen::SparseMatrix<double, 0, int> >'
C:/Users/ec1917/AppData/Local/R/win-library/4.4/RcppEigen/include/Eigen/src/SparseCore/SparseMatrix.h:96:7:   required from 'class Eigen::SparseMatrix<double, 0, int>'
C:/Users/ec1917/AppData/Local/R/win-library/4.4/RcppEigen/include/unsupported/Eigen/src/IterativeSolvers/ConstrainedConjGrad.h:61:25:   required from here
C:/Users/ec1917/AppData/Local/R/win-library/4.4/RcppEigen/include/Eigen/src/SparseCore/SparseMatrixBase.h:47:30: warning: ignoring attributes on template argument 'Eigen::internal::packet_traits<double>::type' {aka '__m128d'} [-Wignored-attributes]
   47 |                      >::type PacketReturnType;
      |                              ^~~~~~~~~~~~~~~~
C:/Users/ec1917/AppData/Local/R/win-library/4.4/RcppEigen/include/Eigen/src/Core/util/XprHelper.h: In instantiation of 'struct Eigen::internal::find_best_packet<double, -1>':
C:/Users/ec1917/AppData/Local/R/win-library/4.4/RcppEigen/include/Eigen/src/Core/Matrix.h:22:57:   required from 'struct Eigen::internal::traits<Eigen::Matrix<double, -1, 1> >'
C:/Users/ec1917/AppData/Local/R/win-library/4.4/RcppEigen/include/Eigen/src/Core/PlainObjectBase.h:98:7:   required from 'class Eigen::PlainObjectBase<Eigen::Matrix<double, -1, 1> >'
C:/Users/ec1917/AppData/Local/R/win-library/4.4/RcppEigen/include/Eigen/src/Core/Matrix.h:178:7:   required from 'class Eigen::Matrix<double, -1, 1>'
C:/Users/ec1917/AppData/Local/R/win-library/4.4/Rcpp/include/Rcpp/InputParameter.h:77:11:   required from 'class Rcpp::ConstReferenceInputParameter<Eigen::Matrix<double, -1, 1> >'
RcppExports.cpp:21:74:   required from here
C:/Users/ec1917/AppData/Local/R/win-library/4.4/RcppEigen/include/Eigen/src/Core/util/XprHelper.h:190:44: warning: ignoring attributes on template argument 'Eigen::internal::packet_traits<double>::type' {aka '__m128d'} [-Wignored-attributes]
  190 |          bool Stop = Size==Dynamic || (Size%unpacket_traits<PacketType>::size)==0 || is_same<PacketType,typename unpacket_traits<PacketType>::half>::value>
      |                                       ~~~~~^~~~~~~~~~~~~~~~~~~~~~~~~~~~~~~~~~~
C:/Users/ec1917/AppData/Local/R/win-library/4.4/RcppEigen/include/Eigen/src/Core/util/XprHelper.h:190:83: warning: ignoring attributes on template argument 'Eigen::internal::packet_traits<double>::type' {aka '__m128d'} [-Wignored-attributes]
  190 |          bool Stop = Size==Dynamic || (Size%unpacket_traits<PacketType>::size)==0 || is_same<PacketType,typename unpacket_traits<PacketType>::half>::value>
      |                      ~~~~~~~~~~~~~~~~~~~~~~~~~~~~~~~~~~~~~~~~~~~~~~~~~~~~~~~~~~~~~^~~~~~~~~~~~~~~~~~~~~~~~~~~~~~~~~~~~~~~~~~~~~~~~~~~~~~~~~~~~~~~~~~~~~~~~
C:/Users/ec1917/AppData/Local/R/win-library/4.4/RcppEigen/include/Eigen/src/Core/util/XprHelper.h:190:83: warning: ignoring attributes on template argument 'Eigen::internal::packet_traits<double>::type' {aka '__m128d'} [-Wignored-attributes]
C:/Users/ec1917/AppData/Local/R/win-library/4.4/RcppEigen/include/Eigen/src/Core/util/XprHelper.h:190:83: warning: ignoring attributes on template argument 'Eigen::internal::unpacket_traits<__vector(2) double>::half' {aka '__m128d'} [-Wignored-attributes]
C:/Users/ec1917/AppData/Local/R/win-library/4.4/RcppEigen/include/Eigen/src/Core/util/XprHelper.h:208:88: warning: ignoring attributes on template argument 'Eigen::internal::packet_traits<double>::type' {aka '__m128d'} [-Wignored-attributes]
  208 |   typedef typename find_best_packet_helper<Size,typename packet_traits<T>::type>::type type;
      |                                                                                        ^~~~
C:/Users/ec1917/AppData/Local/R/win-library/4.4/RcppEigen/include/Eigen/src/Core/DenseCoeffsBase.h: In instantiation of 'class Eigen::DenseCoeffsBase<Eigen::Matrix<double, -1, 1>, 0>':
C:/Users/ec1917/AppData/Local/R/win-library/4.4/RcppEigen/include/Eigen/src/Core/DenseCoeffsBase.h:302:7:   required from 'class Eigen::DenseCoeffsBase<Eigen::Matrix<double, -1, 1>, 1>'
C:/Users/ec1917/AppData/Local/R/win-library/4.4/RcppEigen/include/Eigen/src/Core/DenseCoeffsBase.h:555:7:   required from 'class Eigen::DenseCoeffsBase<Eigen::Matrix<double, -1, 1>, 3>'
C:/Users/ec1917/AppData/Local/R/win-library/4.4/RcppEigen/include/Eigen/src/Core/DenseBase.h:41:34:   required from 'class Eigen::DenseBase<Eigen::Matrix<double, -1, 1> >'
C:/Users/ec1917/AppData/Local/R/win-library/4.4/RcppEigen/include/Eigen/src/Core/MatrixBase.h:48:34:   required from 'class Eigen::MatrixBase<Eigen::Matrix<double, -1, 1> >'
C:/Users/ec1917/AppData/Local/R/win-library/4.4/RcppEigen/include/Eigen/src/Core/PlainObjectBase.h:98:7:   required from 'class Eigen::PlainObjectBase<Eigen::Matrix<double, -1, 1> >'
C:/Users/ec1917/AppData/Local/R/win-library/4.4/RcppEigen/include/Eigen/src/Core/Matrix.h:178:7:   required from 'class Eigen::Matrix<double, -1, 1>'
C:/Users/ec1917/AppData/Local/R/win-library/4.4/Rcpp/include/Rcpp/InputParameter.h:77:11:   required from 'class Rcpp::ConstReferenceInputParameter<Eigen::Matrix<double, -1, 1> >'
RcppExports.cpp:21:74:   required from here
C:/Users/ec1917/AppData/Local/R/win-library/4.4/RcppEigen/include/Eigen/src/Core/DenseCoeffsBase.h:56:30: warning: ignoring attributes on template argument 'Eigen::internal::packet_traits<double>::type' {aka '__m128d'} [-Wignored-attributes]
   56 |                      >::type PacketReturnType;
      |                              ^~~~~~~~~~~~~~~~
g++  -std=gnu++17 -I"C:/PROGRA~1/R/R-44~1.2/include" -DNDEBUG  -I'C:/Users/ec1917/AppData/Local/R/win-library/4.4/Rcpp/include' -I'C:/Users/ec1917/AppData/Local/R/win-library/4.4/RcppArmadillo/include' -I'C:/Users/ec1917/AppData/Local/R/win-library/4.4/RcppEigen/include'   -I"C:/RBuildTools/4.4/x86_64-w64-mingw32.static.posix/include"     -O2 -Wall  -mfpmath=sse -msse2 -mstackrealign  -c entropy_functions.cpp -o entropy_functions.o
In file included from C:/Users/ec1917/AppData/Local/R/win-library/4.4/RcppEigen/include/Eigen/Core:205,
                 from C:/Users/ec1917/AppData/Local/R/win-library/4.4/RcppEigen/include/Eigen/Dense:1,
                 from C:/Users/ec1917/AppData/Local/R/win-library/4.4/RcppEigen/include/RcppEigenForward.h:28,
                 from C:/Users/ec1917/AppData/Local/R/win-library/4.4/RcppEigen/include/RcppEigen.h:25,
                 from entropy_functions.cpp:3:
C:/Users/ec1917/AppData/Local/R/win-library/4.4/RcppEigen/include/Eigen/src/Core/arch/SSE/PacketMath.h:46:40: warning: ignoring attributes on template argument '__m128i' [-Wignored-attributes]
   46 | typedef eigen_packet_wrapper<__m128i, 0> Packet4i;
      |                                        ^
C:/Users/ec1917/AppData/Local/R/win-library/4.4/RcppEigen/include/Eigen/src/Core/arch/SSE/PacketMath.h:47:40: warning: ignoring attributes on template argument '__m128i' [-Wignored-attributes]
   47 | typedef eigen_packet_wrapper<__m128i, 1> Packet16b;
      |                                        ^
C:/Users/ec1917/AppData/Local/R/win-library/4.4/RcppEigen/include/Eigen/src/Core/arch/SSE/PacketMath.h:49:39: warning: ignoring attributes on template argument '__m128' [-Wignored-attributes]
   49 | template<> struct is_arithmetic<__m128>  { enum { value = true }; };
      |                                       ^
C:/Users/ec1917/AppData/Local/R/win-library/4.4/RcppEigen/include/Eigen/src/Core/arch/SSE/PacketMath.h:50:40: warning: ignoring attributes on template argument '__m128i' [-Wignored-attributes]
   50 | template<> struct is_arithmetic<__m128i> { enum { value = true }; };
      |                                        ^
C:/Users/ec1917/AppData/Local/R/win-library/4.4/RcppEigen/include/Eigen/src/Core/arch/SSE/PacketMath.h:51:40: warning: ignoring attributes on template argument '__m128d' [-Wignored-attributes]
   51 | template<> struct is_arithmetic<__m128d> { enum { value = true }; };
      |                                        ^
C:/Users/ec1917/AppData/Local/R/win-library/4.4/RcppEigen/include/Eigen/src/Core/arch/SSE/PacketMath.h:222:43: warning: ignoring attributes on template argument 'Eigen::internal::Packet4f' {aka '__m128'} [-Wignored-attributes]
  222 | template<> struct unpacket_traits<Packet4f> {
      |                                           ^
C:/Users/ec1917/AppData/Local/R/win-library/4.4/RcppEigen/include/Eigen/src/Core/arch/SSE/PacketMath.h:228:43: warning: ignoring attributes on template argument 'Eigen::internal::Packet2d' {aka '__m128d'} [-Wignored-attributes]
  228 | template<> struct unpacket_traits<Packet2d> {
      |                                           ^
C:/Users/ec1917/AppData/Local/R/win-library/4.4/RcppEigen/include/Eigen/src/Core/arch/SSE/PacketMath.h:1124:34: warning: ignoring attributes on template argument 'Eigen::internal::Packet4f' {aka '__m128'} [-Wignored-attributes]
 1124 | ptranspose(PacketBlock<Packet4f,4>& kernel) {
      |                                  ^
C:/Users/ec1917/AppData/Local/R/win-library/4.4/RcppEigen/include/Eigen/src/Core/arch/SSE/PacketMath.h:1129:34: warning: ignoring attributes on template argument 'Eigen::internal::Packet2d' {aka '__m128d'} [-Wignored-attributes]
 1129 | ptranspose(PacketBlock<Packet2d,2>& kernel) {
      |                                  ^
In file included from C:/Users/ec1917/AppData/Local/R/win-library/4.4/RcppEigen/include/Eigen/Core:174:
C:/Users/ec1917/AppData/Local/R/win-library/4.4/RcppEigen/include/Eigen/src/Core/arch/Default/ConjHelper.h:16:60: warning: ignoring attributes on template argument 'Eigen::internal::Packet4f' {aka '__m128'} [-Wignored-attributes]
   16 |   struct conj_helper<PACKET_REAL, PACKET_CPLX, false, false> {          \
      |                                                            ^
C:/Users/ec1917/AppData/Local/R/win-library/4.4/RcppEigen/include/Eigen/src/Core/arch/SSE/Complex.h:173:1: note: in expansion of macro 'EIGEN_MAKE_CONJ_HELPER_CPLX_REAL'
  173 | EIGEN_MAKE_CONJ_HELPER_CPLX_REAL(Packet2cf,Packet4f)
      | ^~~~~~~~~~~~~~~~~~~~~~~~~~~~~~~~
C:/Users/ec1917/AppData/Local/R/win-library/4.4/RcppEigen/include/Eigen/src/Core/arch/Default/ConjHelper.h:29:60: warning: ignoring attributes on template argument 'Eigen::internal::Packet4f' {aka '__m128'} [-Wignored-attributes]
   29 |   struct conj_helper<PACKET_CPLX, PACKET_REAL, false, false> {          \
      |                                                            ^
C:/Users/ec1917/AppData/Local/R/win-library/4.4/RcppEigen/include/Eigen/src/Core/arch/SSE/Complex.h:173:1: note: in expansion of macro 'EIGEN_MAKE_CONJ_HELPER_CPLX_REAL'
  173 | EIGEN_MAKE_CONJ_HELPER_CPLX_REAL(Packet2cf,Packet4f)
      | ^~~~~~~~~~~~~~~~~~~~~~~~~~~~~~~~
C:/Users/ec1917/AppData/Local/R/win-library/4.4/RcppEigen/include/Eigen/src/Core/arch/Default/ConjHelper.h:16:60: warning: ignoring attributes on template argument 'Eigen::internal::Packet2d' {aka '__m128d'} [-Wignored-attributes]
   16 |   struct conj_helper<PACKET_REAL, PACKET_CPLX, false, false> {          \
      |                                                            ^
C:/Users/ec1917/AppData/Local/R/win-library/4.4/RcppEigen/include/Eigen/src/Core/arch/SSE/Complex.h:298:1: note: in expansion of macro 'EIGEN_MAKE_CONJ_HELPER_CPLX_REAL'
  298 | EIGEN_MAKE_CONJ_HELPER_CPLX_REAL(Packet1cd,Packet2d)
      | ^~~~~~~~~~~~~~~~~~~~~~~~~~~~~~~~
C:/Users/ec1917/AppData/Local/R/win-library/4.4/RcppEigen/include/Eigen/src/Core/arch/Default/ConjHelper.h:29:60: warning: ignoring attributes on template argument 'Eigen::internal::Packet2d' {aka '__m128d'} [-Wignored-attributes]
   29 |   struct conj_helper<PACKET_CPLX, PACKET_REAL, false, false> {          \
      |                                                            ^
C:/Users/ec1917/AppData/Local/R/win-library/4.4/RcppEigen/include/Eigen/src/Core/arch/SSE/Complex.h:298:1: note: in expansion of macro 'EIGEN_MAKE_CONJ_HELPER_CPLX_REAL'
  298 | EIGEN_MAKE_CONJ_HELPER_CPLX_REAL(Packet1cd,Packet2d)
      | ^~~~~~~~~~~~~~~~~~~~~~~~~~~~~~~~
In file included from C:/Users/ec1917/AppData/Local/R/win-library/4.4/RcppEigen/include/Eigen/Core:165:
C:/Users/ec1917/AppData/Local/R/win-library/4.4/RcppEigen/include/Eigen/src/Core/util/XprHelper.h: In instantiation of 'struct Eigen::internal::find_best_packet<float, 4>':
C:/Users/ec1917/AppData/Local/R/win-library/4.4/RcppEigen/include/Eigen/src/Core/Matrix.h:22:57:   required from 'struct Eigen::internal::traits<Eigen::Matrix<float, 4, 1> >'
C:/Users/ec1917/AppData/Local/R/win-library/4.4/RcppEigen/include/Eigen/src/Geometry/Quaternion.h:266:49:   required from 'struct Eigen::internal::traits<Eigen::Quaternion<float> >'
C:/Users/ec1917/AppData/Local/R/win-library/4.4/RcppEigen/include/Eigen/src/Geometry/arch/Geometry_SIMD.h:24:46:   required from here
C:/Users/ec1917/AppData/Local/R/win-library/4.4/RcppEigen/include/Eigen/src/Core/util/XprHelper.h:190:44: warning: ignoring attributes on template argument 'Eigen::internal::packet_traits<float>::type' {aka '__m128'} [-Wignored-attributes]
  190 |          bool Stop = Size==Dynamic || (Size%unpacket_traits<PacketType>::size)==0 || is_same<PacketType,typename unpacket_traits<PacketType>::half>::value>
      |                                       ~~~~~^~~~~~~~~~~~~~~~~~~~~~~~~~~~~~~~~~~
C:/Users/ec1917/AppData/Local/R/win-library/4.4/RcppEigen/include/Eigen/src/Core/util/XprHelper.h:190:83: warning: ignoring attributes on template argument 'Eigen::internal::packet_traits<float>::type' {aka '__m128'} [-Wignored-attributes]
  190 |          bool Stop = Size==Dynamic || (Size%unpacket_traits<PacketType>::size)==0 || is_same<PacketType,typename unpacket_traits<PacketType>::half>::value>
      |                      ~~~~~~~~~~~~~~~~~~~~~~~~~~~~~~~~~~~~~~~~~~~~~~~~~~~~~~~~~~~~~^~~~~~~~~~~~~~~~~~~~~~~~~~~~~~~~~~~~~~~~~~~~~~~~~~~~~~~~~~~~~~~~~~~~~~~~
C:/Users/ec1917/AppData/Local/R/win-library/4.4/RcppEigen/include/Eigen/src/Core/util/XprHelper.h:190:83: warning: ignoring attributes on template argument 'Eigen::internal::packet_traits<float>::type' {aka '__m128'} [-Wignored-attributes]
C:/Users/ec1917/AppData/Local/R/win-library/4.4/RcppEigen/include/Eigen/src/Core/util/XprHelper.h:190:83: warning: ignoring attributes on template argument 'Eigen::internal::unpacket_traits<__vector(4) float>::half' {aka '__m128'} [-Wignored-attributes]
C:/Users/ec1917/AppData/Local/R/win-library/4.4/RcppEigen/include/Eigen/src/Core/util/XprHelper.h:208:88: warning: ignoring attributes on template argument 'Eigen::internal::packet_traits<float>::type' {aka '__m128'} [-Wignored-attributes]
  208 |   typedef typename find_best_packet_helper<Size,typename packet_traits<T>::type>::type type;
      |                                                                                        ^~~~
In file included from C:/Users/ec1917/AppData/Local/R/win-library/4.4/RcppEigen/include/Eigen/Core:271:
C:/Users/ec1917/AppData/Local/R/win-library/4.4/RcppEigen/include/Eigen/src/Core/DenseCoeffsBase.h: In instantiation of 'class Eigen::DenseCoeffsBase<Eigen::Matrix<float, 4, 1>, 0>':
C:/Users/ec1917/AppData/Local/R/win-library/4.4/RcppEigen/include/Eigen/src/Core/DenseCoeffsBase.h:302:7:   required from 'class Eigen::DenseCoeffsBase<Eigen::Matrix<float, 4, 1>, 1>'
C:/Users/ec1917/AppData/Local/R/win-library/4.4/RcppEigen/include/Eigen/src/Core/DenseCoeffsBase.h:555:7:   required from 'class Eigen::DenseCoeffsBase<Eigen::Matrix<float, 4, 1>, 3>'
C:/Users/ec1917/AppData/Local/R/win-library/4.4/RcppEigen/include/Eigen/src/Core/DenseBase.h:41:34:   required from 'class Eigen::DenseBase<Eigen::Matrix<float, 4, 1> >'
C:/Users/ec1917/AppData/Local/R/win-library/4.4/RcppEigen/include/Eigen/src/Core/MatrixBase.h:48:34:   required from 'class Eigen::MatrixBase<Eigen::Matrix<float, 4, 1> >'
C:/Users/ec1917/AppData/Local/R/win-library/4.4/RcppEigen/include/Eigen/src/Core/PlainObjectBase.h:98:7:   required from 'class Eigen::PlainObjectBase<Eigen::Matrix<float, 4, 1> >'
C:/Users/ec1917/AppData/Local/R/win-library/4.4/RcppEigen/include/Eigen/src/Core/Matrix.h:178:7:   required from 'class Eigen::Matrix<float, 4, 1>'
C:/Users/ec1917/AppData/Local/R/win-library/4.4/RcppEigen/include/Eigen/src/Geometry/Quaternion.h:46:50:   required from 'class Eigen::QuaternionBase<Eigen::Quaternion<float> >'
C:/Users/ec1917/AppData/Local/R/win-library/4.4/RcppEigen/include/Eigen/src/Geometry/Quaternion.h:273:7:   required from 'class Eigen::Quaternion<float>'
C:/Users/ec1917/AppData/Local/R/win-library/4.4/RcppEigen/include/Eigen/src/Geometry/arch/Geometry_SIMD.h:27:3:   required from here
C:/Users/ec1917/AppData/Local/R/win-library/4.4/RcppEigen/include/Eigen/src/Core/DenseCoeffsBase.h:56:30: warning: ignoring attributes on template argument 'Eigen::internal::packet_traits<float>::type' {aka '__m128'} [-Wignored-attributes]
   56 |                      >::type PacketReturnType;
      |                              ^~~~~~~~~~~~~~~~
C:/Users/ec1917/AppData/Local/R/win-library/4.4/RcppEigen/include/Eigen/src/Core/util/XprHelper.h: In instantiation of 'struct Eigen::internal::find_best_packet<double, 4>':
C:/Users/ec1917/AppData/Local/R/win-library/4.4/RcppEigen/include/Eigen/src/Core/Matrix.h:22:57:   required from 'struct Eigen::internal::traits<Eigen::Matrix<double, 4, 1> >'
C:/Users/ec1917/AppData/Local/R/win-library/4.4/RcppEigen/include/Eigen/src/Geometry/Quaternion.h:266:49:   required from 'struct Eigen::internal::traits<Eigen::Quaternion<double> >'
C:/Users/ec1917/AppData/Local/R/win-library/4.4/RcppEigen/include/Eigen/src/Geometry/arch/Geometry_SIMD.h:98:47:   required from here
C:/Users/ec1917/AppData/Local/R/win-library/4.4/RcppEigen/include/Eigen/src/Core/util/XprHelper.h:190:44: warning: ignoring attributes on template argument 'Eigen::internal::packet_traits<double>::type' {aka '__m128d'} [-Wignored-attributes]
  190 |          bool Stop = Size==Dynamic || (Size%unpacket_traits<PacketType>::size)==0 || is_same<PacketType,typename unpacket_traits<PacketType>::half>::value>
      |                                       ~~~~~^~~~~~~~~~~~~~~~~~~~~~~~~~~~~~~~~~~
C:/Users/ec1917/AppData/Local/R/win-library/4.4/RcppEigen/include/Eigen/src/Core/util/XprHelper.h:190:83: warning: ignoring attributes on template argument 'Eigen::internal::packet_traits<double>::type' {aka '__m128d'} [-Wignored-attributes]
  190 |          bool Stop = Size==Dynamic || (Size%unpacket_traits<PacketType>::size)==0 || is_same<PacketType,typename unpacket_traits<PacketType>::half>::value>
      |                      ~~~~~~~~~~~~~~~~~~~~~~~~~~~~~~~~~~~~~~~~~~~~~~~~~~~~~~~~~~~~~^~~~~~~~~~~~~~~~~~~~~~~~~~~~~~~~~~~~~~~~~~~~~~~~~~~~~~~~~~~~~~~~~~~~~~~~
C:/Users/ec1917/AppData/Local/R/win-library/4.4/RcppEigen/include/Eigen/src/Core/util/XprHelper.h:190:83: warning: ignoring attributes on template argument 'Eigen::internal::packet_traits<double>::type' {aka '__m128d'} [-Wignored-attributes]
C:/Users/ec1917/AppData/Local/R/win-library/4.4/RcppEigen/include/Eigen/src/Core/util/XprHelper.h:190:83: warning: ignoring attributes on template argument 'Eigen::internal::unpacket_traits<__vector(2) double>::half' {aka '__m128d'} [-Wignored-attributes]
C:/Users/ec1917/AppData/Local/R/win-library/4.4/RcppEigen/include/Eigen/src/Core/util/XprHelper.h:208:88: warning: ignoring attributes on template argument 'Eigen::internal::packet_traits<double>::type' {aka '__m128d'} [-Wignored-attributes]
  208 |   typedef typename find_best_packet_helper<Size,typename packet_traits<T>::type>::type type;
      |                                                                                        ^~~~
C:/Users/ec1917/AppData/Local/R/win-library/4.4/RcppEigen/include/Eigen/src/Core/DenseCoeffsBase.h: In instantiation of 'class Eigen::DenseCoeffsBase<Eigen::Matrix<double, 4, 1>, 0>':
C:/Users/ec1917/AppData/Local/R/win-library/4.4/RcppEigen/include/Eigen/src/Core/DenseCoeffsBase.h:302:7:   required from 'class Eigen::DenseCoeffsBase<Eigen::Matrix<double, 4, 1>, 1>'
C:/Users/ec1917/AppData/Local/R/win-library/4.4/RcppEigen/include/Eigen/src/Core/DenseCoeffsBase.h:555:7:   required from 'class Eigen::DenseCoeffsBase<Eigen::Matrix<double, 4, 1>, 3>'
C:/Users/ec1917/AppData/Local/R/win-library/4.4/RcppEigen/include/Eigen/src/Core/DenseBase.h:41:34:   required from 'class Eigen::DenseBase<Eigen::Matrix<double, 4, 1> >'
C:/Users/ec1917/AppData/Local/R/win-library/4.4/RcppEigen/include/Eigen/src/Core/MatrixBase.h:48:34:   required from 'class Eigen::MatrixBase<Eigen::Matrix<double, 4, 1> >'
C:/Users/ec1917/AppData/Local/R/win-library/4.4/RcppEigen/include/Eigen/src/Core/PlainObjectBase.h:98:7:   required from 'class Eigen::PlainObjectBase<Eigen::Matrix<double, 4, 1> >'
C:/Users/ec1917/AppData/Local/R/win-library/4.4/RcppEigen/include/Eigen/src/Core/Matrix.h:178:7:   required from 'class Eigen::Matrix<double, 4, 1>'
C:/Users/ec1917/AppData/Local/R/win-library/4.4/RcppEigen/include/Eigen/src/Geometry/Quaternion.h:46:50:   required from 'class Eigen::QuaternionBase<Eigen::Quaternion<double> >'
C:/Users/ec1917/AppData/Local/R/win-library/4.4/RcppEigen/include/Eigen/src/Geometry/Quaternion.h:273:7:   required from 'class Eigen::Quaternion<double>'
C:/Users/ec1917/AppData/Local/R/win-library/4.4/RcppEigen/include/Eigen/src/Geometry/arch/Geometry_SIMD.h:102:3:   required from here
C:/Users/ec1917/AppData/Local/R/win-library/4.4/RcppEigen/include/Eigen/src/Core/DenseCoeffsBase.h:56:30: warning: ignoring attributes on template argument 'Eigen::internal::packet_traits<double>::type' {aka '__m128d'} [-Wignored-attributes]
   56 |                      >::type PacketReturnType;
      |                              ^~~~~~~~~~~~~~~~
In file included from C:/Users/ec1917/AppData/Local/R/win-library/4.4/RcppEigen/include/Eigen/SparseCore:37,
                 from C:/Users/ec1917/AppData/Local/R/win-library/4.4/RcppEigen/include/Eigen/Sparse:26,
                 from C:/Users/ec1917/AppData/Local/R/win-library/4.4/RcppEigen/include/RcppEigenForward.h:29:
C:/Users/ec1917/AppData/Local/R/win-library/4.4/RcppEigen/include/Eigen/src/SparseCore/SparseMatrixBase.h: In instantiation of 'class Eigen::SparseMatrixBase<Eigen::SparseMatrix<double, 0, int> >':
C:/Users/ec1917/AppData/Local/R/win-library/4.4/RcppEigen/include/Eigen/src/SparseCore/SparseCompressedBase.h:36:7:   required from 'class Eigen::SparseCompressedBase<Eigen::SparseMatrix<double, 0, int> >'
C:/Users/ec1917/AppData/Local/R/win-library/4.4/RcppEigen/include/Eigen/src/SparseCore/SparseMatrix.h:96:7:   required from 'class Eigen::SparseMatrix<double, 0, int>'
C:/Users/ec1917/AppData/Local/R/win-library/4.4/RcppEigen/include/unsupported/Eigen/src/IterativeSolvers/ConstrainedConjGrad.h:61:25:   required from here
C:/Users/ec1917/AppData/Local/R/win-library/4.4/RcppEigen/include/Eigen/src/SparseCore/SparseMatrixBase.h:47:30: warning: ignoring attributes on template argument 'Eigen::internal::packet_traits<double>::type' {aka '__m128d'} [-Wignored-attributes]
   47 |                      >::type PacketReturnType;
      |                              ^~~~~~~~~~~~~~~~
C:/Users/ec1917/AppData/Local/R/win-library/4.4/RcppEigen/include/Eigen/src/Core/util/XprHelper.h: In instantiation of 'struct Eigen::internal::find_best_packet<double, -1>':
C:/Users/ec1917/AppData/Local/R/win-library/4.4/RcppEigen/include/Eigen/src/Core/Matrix.h:22:57:   required from 'struct Eigen::internal::traits<Eigen::Matrix<double, -1, 1> >'
C:/Users/ec1917/AppData/Local/R/win-library/4.4/RcppEigen/include/Eigen/src/Core/PlainObjectBase.h:98:7:   required from 'class Eigen::PlainObjectBase<Eigen::Matrix<double, -1, 1> >'
C:/Users/ec1917/AppData/Local/R/win-library/4.4/RcppEigen/include/Eigen/src/Core/Matrix.h:178:7:   required from 'class Eigen::Matrix<double, -1, 1>'
entropy_functions.cpp:19:10:   required from here
C:/Users/ec1917/AppData/Local/R/win-library/4.4/RcppEigen/include/Eigen/src/Core/util/XprHelper.h:190:44: warning: ignoring attributes on template argument 'Eigen::internal::packet_traits<double>::type' {aka '__m128d'} [-Wignored-attributes]
  190 |          bool Stop = Size==Dynamic || (Size%unpacket_traits<PacketType>::size)==0 || is_same<PacketType,typename unpacket_traits<PacketType>::half>::value>
      |                                       ~~~~~^~~~~~~~~~~~~~~~~~~~~~~~~~~~~~~~~~~
C:/Users/ec1917/AppData/Local/R/win-library/4.4/RcppEigen/include/Eigen/src/Core/util/XprHelper.h:190:83: warning: ignoring attributes on template argument 'Eigen::internal::packet_traits<double>::type' {aka '__m128d'} [-Wignored-attributes]
  190 |          bool Stop = Size==Dynamic || (Size%unpacket_traits<PacketType>::size)==0 || is_same<PacketType,typename unpacket_traits<PacketType>::half>::value>
      |                      ~~~~~~~~~~~~~~~~~~~~~~~~~~~~~~~~~~~~~~~~~~~~~~~~~~~~~~~~~~~~~^~~~~~~~~~~~~~~~~~~~~~~~~~~~~~~~~~~~~~~~~~~~~~~~~~~~~~~~~~~~~~~~~~~~~~~~
C:/Users/ec1917/AppData/Local/R/win-library/4.4/RcppEigen/include/Eigen/src/Core/util/XprHelper.h:190:83: warning: ignoring attributes on template argument 'Eigen::internal::packet_traits<double>::type' {aka '__m128d'} [-Wignored-attributes]
C:/Users/ec1917/AppData/Local/R/win-library/4.4/RcppEigen/include/Eigen/src/Core/util/XprHelper.h:190:83: warning: ignoring attributes on template argument 'Eigen::internal::unpacket_traits<__vector(2) double>::half' {aka '__m128d'} [-Wignored-attributes]
C:/Users/ec1917/AppData/Local/R/win-library/4.4/RcppEigen/include/Eigen/src/Core/util/XprHelper.h:208:88: warning: ignoring attributes on template argument 'Eigen::internal::packet_traits<double>::type' {aka '__m128d'} [-Wignored-attributes]
  208 |   typedef typename find_best_packet_helper<Size,typename packet_traits<T>::type>::type type;
      |                                                                                        ^~~~
C:/Users/ec1917/AppData/Local/R/win-library/4.4/RcppEigen/include/Eigen/src/Core/DenseCoeffsBase.h: In instantiation of 'class Eigen::DenseCoeffsBase<Eigen::Matrix<double, -1, 1>, 0>':
C:/Users/ec1917/AppData/Local/R/win-library/4.4/RcppEigen/include/Eigen/src/Core/DenseCoeffsBase.h:302:7:   required from 'class Eigen::DenseCoeffsBase<Eigen::Matrix<double, -1, 1>, 1>'
C:/Users/ec1917/AppData/Local/R/win-library/4.4/RcppEigen/include/Eigen/src/Core/DenseCoeffsBase.h:555:7:   required from 'class Eigen::DenseCoeffsBase<Eigen::Matrix<double, -1, 1>, 3>'
C:/Users/ec1917/AppData/Local/R/win-library/4.4/RcppEigen/include/Eigen/src/Core/DenseBase.h:41:34:   required from 'class Eigen::DenseBase<Eigen::Matrix<double, -1, 1> >'
C:/Users/ec1917/AppData/Local/R/win-library/4.4/RcppEigen/include/Eigen/src/Core/MatrixBase.h:48:34:   required from 'class Eigen::MatrixBase<Eigen::Matrix<double, -1, 1> >'
C:/Users/ec1917/AppData/Local/R/win-library/4.4/RcppEigen/include/Eigen/src/Core/PlainObjectBase.h:98:7:   required from 'class Eigen::PlainObjectBase<Eigen::Matrix<double, -1, 1> >'
C:/Users/ec1917/AppData/Local/R/win-library/4.4/RcppEigen/include/Eigen/src/Core/Matrix.h:178:7:   required from 'class Eigen::Matrix<double, -1, 1>'
entropy_functions.cpp:19:10:   required from here
C:/Users/ec1917/AppData/Local/R/win-library/4.4/RcppEigen/include/Eigen/src/Core/DenseCoeffsBase.h:56:30: warning: ignoring attributes on template argument 'Eigen::internal::packet_traits<double>::type' {aka '__m128d'} [-Wignored-attributes]
   56 |                      >::type PacketReturnType;
      |                              ^~~~~~~~~~~~~~~~
C:/Users/ec1917/AppData/Local/R/win-library/4.4/RcppEigen/include/Eigen/src/Core/DenseCoeffsBase.h: In instantiation of 'class Eigen::DenseCoeffsBase<Eigen::ArrayWrapper<const Eigen::Matrix<double, -1, 1> >, 0>':
C:/Users/ec1917/AppData/Local/R/win-library/4.4/RcppEigen/include/Eigen/src/Core/DenseCoeffsBase.h:481:7:   required from 'class Eigen::DenseCoeffsBase<Eigen::ArrayWrapper<const Eigen::Matrix<double, -1, 1> >, 2>'
C:/Users/ec1917/AppData/Local/R/win-library/4.4/RcppEigen/include/Eigen/src/Core/DenseBase.h:41:34:   required from 'class Eigen::DenseBase<Eigen::ArrayWrapper<const Eigen::Matrix<double, -1, 1> > >'
C:/Users/ec1917/AppData/Local/R/win-library/4.4/RcppEigen/include/Eigen/src/Core/ArrayBase.h:39:34:   required from 'class Eigen::ArrayBase<Eigen::ArrayWrapper<const Eigen::Matrix<double, -1, 1> > >'
C:/Users/ec1917/AppData/Local/R/win-library/4.4/RcppEigen/include/Eigen/src/Core/ArrayWrapper.h:42:7:   required from 'class Eigen::ArrayWrapper<const Eigen::Matrix<double, -1, 1> >'
entropy_functions.cpp:19:16:   required from here
C:/Users/ec1917/AppData/Local/R/win-library/4.4/RcppEigen/include/Eigen/src/Core/DenseCoeffsBase.h:56:30: warning: ignoring attributes on template argument 'Eigen::internal::packet_traits<double>::type' {aka '__m128d'} [-Wignored-attributes]
C:/Users/ec1917/AppData/Local/R/win-library/4.4/RcppEigen/include/Eigen/src/Core/DenseCoeffsBase.h: In instantiation of 'class Eigen::DenseCoeffsBase<Eigen::CwiseNullaryOp<Eigen::internal::scalar_constant_op<double>, Eigen::Array<double, -1, 1> >, 0>':
C:/Users/ec1917/AppData/Local/R/win-library/4.4/RcppEigen/include/Eigen/src/Core/DenseBase.h:41:34:   required from 'class Eigen::DenseBase<Eigen::CwiseNullaryOp<Eigen::internal::scalar_constant_op<double>, Eigen::Array<double, -1, 1> > >'
C:/Users/ec1917/AppData/Local/R/win-library/4.4/RcppEigen/include/Eigen/src/Core/ArrayBase.h:39:34:   required from 'class Eigen::ArrayBase<Eigen::CwiseNullaryOp<Eigen::internal::scalar_constant_op<double>, Eigen::Array<double, -1, 1> > >'
C:/Users/ec1917/AppData/Local/R/win-library/4.4/RcppEigen/include/Eigen/src/Core/CwiseNullaryOp.h:60:7:   required from 'class Eigen::CwiseNullaryOp<Eigen::internal::scalar_constant_op<double>, Eigen::Array<double, -1, 1> >'
C:/Users/ec1917/AppData/Local/R/win-library/4.4/RcppEigen/include/Eigen/src/Core/CwiseBinaryOp.h:38:28:   required from 'struct Eigen::internal::traits<Eigen::CwiseBinaryOp<Eigen::internal::scalar_cmp_op<double, double, Eigen::internal::cmp_LT>, const Eigen::ArrayWrapper<const Eigen::Matrix<double, -1, 1> >, const Eigen::CwiseNullaryOp<Eigen::internal::scalar_constant_op<double>, Eigen::Array<double, -1, 1> > > >'
C:/Users/ec1917/AppData/Local/R/win-library/4.4/RcppEigen/include/Eigen/src/Core/CwiseBinaryOp.h:148:7:   required from 'class Eigen::CwiseBinaryOpImpl<Eigen::internal::scalar_cmp_op<double, double, Eigen::internal::cmp_LT>, const Eigen::ArrayWrapper<const Eigen::Matrix<double, -1, 1> >, const Eigen::CwiseNullaryOp<Eigen::internal::scalar_constant_op<double>, Eigen::Array<double, -1, 1> >, Eigen::Dense>'
C:/Users/ec1917/AppData/Local/R/win-library/4.4/RcppEigen/include/Eigen/src/Core/CwiseBinaryOp.h:77:7:   required from 'class Eigen::CwiseBinaryOp<Eigen::internal::scalar_cmp_op<double, double, Eigen::internal::cmp_LT>, const Eigen::ArrayWrapper<const Eigen::Matrix<double, -1, 1> >, const Eigen::CwiseNullaryOp<Eigen::internal::scalar_constant_op<double>, Eigen::Array<double, -1, 1> > >'
entropy_functions.cpp:19:21:   required from here
C:/Users/ec1917/AppData/Local/R/win-library/4.4/RcppEigen/include/Eigen/src/Core/DenseCoeffsBase.h:56:30: warning: ignoring attributes on template argument 'Eigen::internal::packet_traits<double>::type' {aka '__m128d'} [-Wignored-attributes]
C:/Users/ec1917/AppData/Local/R/win-library/4.4/RcppEigen/include/Eigen/src/Core/DenseCoeffsBase.h: In instantiation of 'class Eigen::DenseCoeffsBase<Eigen::CwiseUnaryOp<entropySingle(const Eigen::VectorXd&)::<lambda(double)>, const Eigen::Matrix<double, -1, 1> >, 0>':
C:/Users/ec1917/AppData/Local/R/win-library/4.4/RcppEigen/include/Eigen/src/Core/DenseBase.h:41:34:   required from 'class Eigen::DenseBase<Eigen::CwiseUnaryOp<entropySingle(const Eigen::VectorXd&)::<lambda(double)>, const Eigen::Matrix<double, -1, 1> > >'
C:/Users/ec1917/AppData/Local/R/win-library/4.4/RcppEigen/include/Eigen/src/Core/MatrixBase.h:48:34:   required from 'class Eigen::MatrixBase<Eigen::CwiseUnaryOp<entropySingle(const Eigen::VectorXd&)::<lambda(double)>, const Eigen::Matrix<double, -1, 1> > >'
C:/Users/ec1917/AppData/Local/R/win-library/4.4/RcppEigen/include/Eigen/src/Core/CwiseUnaryOp.h:94:7:   required from 'class Eigen::CwiseUnaryOpImpl<entropySingle(const Eigen::VectorXd&)::<lambda(double)>, const Eigen::Matrix<double, -1, 1>, Eigen::Dense>'
C:/Users/ec1917/AppData/Local/R/win-library/4.4/RcppEigen/include/Eigen/src/Core/CwiseUnaryOp.h:55:7:   required from 'class Eigen::CwiseUnaryOp<entropySingle(const Eigen::VectorXd&)::<lambda(double)>, const Eigen::Matrix<double, -1, 1> >'
entropy_functions.cpp:33:45:   required from here
C:/Users/ec1917/AppData/Local/R/win-library/4.4/RcppEigen/include/Eigen/src/Core/DenseCoeffsBase.h:56:30: warning: ignoring attributes on template argument 'Eigen::internal::packet_traits<double>::type' {aka '__m128d'} [-Wignored-attributes]
C:/Users/ec1917/AppData/Local/R/win-library/4.4/RcppEigen/include/Eigen/src/Core/DenseCoeffsBase.h: In instantiation of 'class Eigen::DenseCoeffsBase<Eigen::Array<double, -1, 1>, 0>':
C:/Users/ec1917/AppData/Local/R/win-library/4.4/RcppEigen/include/Eigen/src/Core/DenseCoeffsBase.h:302:7:   required from 'class Eigen::DenseCoeffsBase<Eigen::Array<double, -1, 1>, 1>'
C:/Users/ec1917/AppData/Local/R/win-library/4.4/RcppEigen/include/Eigen/src/Core/DenseCoeffsBase.h:555:7:   required from 'class Eigen::DenseCoeffsBase<Eigen::Array<double, -1, 1>, 3>'
C:/Users/ec1917/AppData/Local/R/win-library/4.4/RcppEigen/include/Eigen/src/Core/DenseBase.h:41:34:   required from 'class Eigen::DenseBase<Eigen::Array<double, -1, 1> >'
C:/Users/ec1917/AppData/Local/R/win-library/4.4/RcppEigen/include/Eigen/src/Core/ArrayBase.h:39:34:   required from 'class Eigen::ArrayBase<Eigen::Array<double, -1, 1> >'
C:/Users/ec1917/AppData/Local/R/win-library/4.4/RcppEigen/include/Eigen/src/Core/PlainObjectBase.h:98:7:   required from 'class Eigen::PlainObjectBase<Eigen::Array<double, -1, 1> >'
C:/Users/ec1917/AppData/Local/R/win-library/4.4/RcppEigen/include/Eigen/src/Core/Array.h:45:7:   required from 'class Eigen::Array<double, -1, 1>'
c:\users\ec1917\appdata\local\r\win-library\4.4\rcppeigen\include\eigen\src\plugins\arraycwisebinaryops.h:178:1:   required from 'const Eigen::ArrayBase<Derived>::CmpLTReturnType Eigen::ArrayBase<Derived>::operator<(const Scalar&) const [with Derived = Eigen::ArrayWrapper<const Eigen::Matrix<double, -1, 1> >; CmpLTReturnType = Eigen::CwiseBinaryOp<Eigen::internal::scalar_cmp_op<double, double, Eigen::internal::cmp_LT>, const Eigen::ArrayWrapper<const Eigen::Matrix<double, -1, 1> >, const Eigen::CwiseNullaryOp<Eigen::internal::scalar_constant_op<double>, Eigen::Array<double, -1, 1> > >; Scalar = double]'
entropy_functions.cpp:19:21:   required from here
C:/Users/ec1917/AppData/Local/R/win-library/4.4/RcppEigen/include/Eigen/src/Core/DenseCoeffsBase.h:56:30: warning: ignoring attributes on template argument 'Eigen::internal::packet_traits<double>::type' {aka '__m128d'} [-Wignored-attributes]
C:/Users/ec1917/AppData/Local/R/win-library/4.4/RcppEigen/include/Eigen/src/Core/DenseCoeffsBase.h: In instantiation of 'Eigen::Index Eigen::internal::first_default_aligned(const Eigen::DenseBase<Derived>&) [with Derived = Eigen::Matrix<double, -1, 1>; Eigen::Index = long long int]':
C:/Users/ec1917/AppData/Local/R/win-library/4.4/RcppEigen/include/Eigen/src/Core/Redux.h:243:63:   required from 'static Eigen::internal::redux_impl<Func, Evaluator, 3, 0>::Scalar Eigen::internal::redux_impl<Func, Evaluator, 3, 0>::run(const Evaluator&, const Func&, const XprType&) [with XprType = Eigen::Matrix<double, -1, 1>; Func = Eigen::internal::scalar_sum_op<double, double>; Evaluator = Eigen::internal::redux_evaluator<Eigen::Matrix<double, -1, 1> >; Scalar = double]'
C:/Users/ec1917/AppData/Local/R/win-library/4.4/RcppEigen/include/Eigen/src/Core/Redux.h:418:56:   required from 'typename Eigen::internal::traits<T>::Scalar Eigen::DenseBase<Derived>::redux(const Func&) const [with BinaryOp = Eigen::internal::scalar_sum_op<double, double>; Derived = Eigen::Matrix<double, -1, 1>; typename Eigen::internal::traits<T>::Scalar = double]'
C:/Users/ec1917/AppData/Local/R/win-library/4.4/RcppEigen/include/Eigen/src/Core/Redux.h:463:25:   required from 'typename Eigen::internal::traits<T>::Scalar Eigen::DenseBase<Derived>::sum() const [with Derived = Eigen::Matrix<double, -1, 1>; typename Eigen::internal::traits<T>::Scalar = double]'
entropy_functions.cpp:24:23:   required from here
C:/Users/ec1917/AppData/Local/R/win-library/4.4/RcppEigen/include/Eigen/src/Core/DenseCoeffsBase.h:654:74: warning: ignoring attributes on template argument 'Eigen::internal::packet_traits<double>::type' {aka '__m128d'} [-Wignored-attributes]
  654 |   return internal::first_aligned<int(unpacket_traits<DefaultPacketType>::alignment),Derived>(m);
      |                                                                          ^~~~~~~~~
g++  -std=gnu++17 -I"C:/PROGRA~1/R/R-44~1.2/include" -DNDEBUG  -I'C:/Users/ec1917/AppData/Local/R/win-library/4.4/Rcpp/include' -I'C:/Users/ec1917/AppData/Local/R/win-library/4.4/RcppArmadillo/include' -I'C:/Users/ec1917/AppData/Local/R/win-library/4.4/RcppEigen/include'   -I"C:/RBuildTools/4.4/x86_64-w64-mingw32.static.posix/include"     -O2 -Wall  -mfpmath=sse -msse2 -mstackrealign  -c qt_x_step.cpp -o qt_x_step.o
g++ -shared -s -static-libgcc -o DIBclust.dll tmp.def RcppExports.o entropy_functions.o qt_x_step.o -LC:/PROGRA~1/R/R-44~1.2/bin/x64 -lRblas -LC:/PROGRA~1/R/R-44~1.2/bin/x64 -lRlapack -lgfortran -lm -lquadmath -LC:/RBuildTools/4.4/x86_64-w64-mingw32.static.posix/lib/x64 -LC:/RBuildTools/4.4/x86_64-w64-mingw32.static.posix/lib -LC:/PROGRA~1/R/R-44~1.2/bin/x64 -lR
installing to C:/Users/ec1917/Desktop/DIBclust/DIBclust.Rcheck/00LOCK-DIBclust/00new/DIBclust/libs/x64
** R
** inst
** byte-compile and prepare package for lazy loading
** help
*** installing help indices
** building package indices
** testing if installed package can be loaded from temporary location
** testing if installed package can be loaded from final location
** testing if installed package keeps a record of temporary installation path
* DONE (DIBclust)
